<?xml version="1.0" encoding="UTF-8"?>
<!-- Generated by org.testng.reporters.JUnitXMLReporter -->
<testsuite hostname="C02T91RMH03Q" name="Default test" tests="3" failures="0" timestamp="5 Aug 2020 14:21:05 GMT" time="22.224" errors="0">
  <testcase name="GetWeatherDataBySelenium" time="18.596" classname="weatherReporting.HomePageTest"/>
  <testcase name="GetWeatherDataByCity" time="2.04" classname="weatherReporting.HomePageTest"/>
  <testcase name="Comparison" time="0.001" classname="weatherReporting.HomePageTest"/>
</testsuite> <!-- Default test -->
