-------------------------------------------------------------------------------
Test set: TestSuite
-------------------------------------------------------------------------------
Tests run: 3, Failures: 1, Errors: 0, Skipped: 0, Time elapsed: 34.519 s <<< FAILURE! - in TestSuite
Comparison(weatherReporting.HomePageTest)  Time elapsed: 0.007 s  <<< FAILURE!
java.lang.AssertionError: 
	at weatherReporting.HomePageTest.Comparison(HomePageTest.java:158)

